#
# There is insufficient memory for the Java Runtime Environment to continue.
# Native memory allocation (malloc) failed to allocate 32744 bytes for ChunkPool::allocate
# Possible reasons:
#   The system is out of physical RAM or swap space
#   The process is running with CompressedOops enabled, and the Java Heap may be blocking the growth of the native heap
# Possible solutions:
#   Reduce memory load on the system
#   Increase physical memory or swap space
#   Check if swap backing store is full
#   Decrease Java heap size (-Xmx/-Xms)
#   Decrease number of Java threads
#   Decrease Java thread stack sizes (-Xss)
#   Set larger code cache with -XX:ReservedCodeCacheSize=
#   JVM is running with Unscaled Compressed Oops mode in which the Java heap is
#     placed in the first 4GB address space. The Java Heap base address is the
#     maximum limit for the native heap growth. Please use -XX:HeapBaseMinAddress
#     to set the Java Heap base and to place the Java Heap above 4GB virtual address.
# This output file may be truncated or incomplete.
#
#  Out of Memory Error (arena.cpp:78), pid=7940, tid=6340
#
# JRE version: Java(TM) SE Runtime Environment (17.0.6+9) (build 17.0.6+9-LTS-190)
# Java VM: Java HotSpot(TM) 64-Bit Server VM (17.0.6+9-LTS-190, mixed mode, sharing, tiered, compressed oops, compressed class ptrs, g1 gc, windows-amd64)
# No core dump will be written. Minidumps are not enabled by default on client versions of Windows
#

---------------  S U M M A R Y ------------

Command Line: -Xmx64m -Xms64m -javaagent:C:\gradle\gradle-8.5/lib/agents/gradle-instrumentation-agent-8.5.jar -Dorg.gradle.appname=gradle org.gradle.launcher.GradleMain bootRun

Host: Intel(R) Core(TM) i3 CPU       M 380  @ 2.53GHz, 4 cores, 3G,  Windows 7 , 64 bit Build 7601 (6.1.7601.17514)
Time: Thu Aug 22 09:15:22 2024  Windows 7 , 64 bit Build 7601 (6.1.7601.17514) elapsed time: 50354.970475 seconds (0d 13h 59m 14s)

---------------  T H R E A D  ---------------

Current thread (0x000000001c174da0):  JavaThread "C2 CompilerThread0" daemon [_thread_in_native, id=6340, stack(0x000000001d410000,0x000000001d510000)]


Current CompileTask:
C2:50354970 1914       4       java.util.Collections::addAll (43 bytes)

Stack: [0x000000001d410000,0x000000001d510000]
Native frames: (J=compiled Java code, j=interpreted, Vv=VM code, C=native code)
V  [jvm.dll+0x6734ea]
V  [jvm.dll+0x7d18f4]
V  [jvm.dll+0x7d309e]
V  [jvm.dll+0x7d3703]
V  [jvm.dll+0x2433c5]
V  [jvm.dll+0xaa6c0]
V  [jvm.dll+0xaaa0c]
V  [jvm.dll+0x29e173]
V  [jvm.dll+0x29df2f]
V  [jvm.dll+0x7950c0]
V  [jvm.dll+0x7957dd]
V  [jvm.dll+0x342554]
V  [jvm.dll+0x2a7cf1]
V  [jvm.dll+0x68baa3]
V  [jvm.dll+0x683a76]
V  [jvm.dll+0x6830c0]
V  [jvm.dll+0x680fca]
V  [jvm.dll+0x1a494c]
V  [jvm.dll+0x1a54db]
V  [jvm.dll+0x1a54db]
V  [jvm.dll+0x2a7d4c]
V  [jvm.dll+0x68baa3]
V  [jvm.dll+0x683a76]
V  [jvm.dll+0x6830c0]
V  [jvm.dll+0x680fca]
V  [jvm.dll+0x1a494c]
V  [jvm.dll+0x214dc8]
V  [jvm.dll+0x1a1730]
V  [jvm.dll+0x224b6e]
V  [jvm.dll+0x222f15]
V  [jvm.dll+0x78753c]
V  [jvm.dll+0x781a7a]
V  [jvm.dll+0x672375]
C  [ucrtbase.DLL+0x214c2]
C  [kernel32.dll+0x1652d]
C  [ntdll.dll+0x2c521]


---------------  P R O C E S S  ---------------

Threads class SMR info:
_java_thread_list=0x000000001f6e4440, length=15, elements={
0x000000000017c9f0, 0x000000001c14d2f0, 0x000000001c14eeb0, 0x000000001c165bd0,
0x000000001c1668b0, 0x000000001c16fe70, 0x000000001c187f60, 0x000000001c174da0,
0x000000001c19eef0, 0x000000001c19f820, 0x000000001c188430, 0x000000001c188900,
0x000000001c1892a0, 0x000000001c189770, 0x000000001c189c40
}

Java Threads: ( => current thread )
  0x000000000017c9f0 JavaThread "main" [_thread_in_native, id=9120, stack(0x00000000020e0000,0x00000000021e0000)]
  0x000000001c14d2f0 JavaThread "Reference Handler" daemon [_thread_blocked, id=8420, stack(0x000000001cfa0000,0x000000001d0a0000)]
  0x000000001c14eeb0 JavaThread "Finalizer" daemon [_thread_blocked, id=7320, stack(0x000000001ce80000,0x000000001cf80000)]
  0x000000001c165bd0 JavaThread "Signal Dispatcher" daemon [_thread_blocked, id=6956, stack(0x000000001d0f0000,0x000000001d1f0000)]
  0x000000001c1668b0 JavaThread "Attach Listener" daemon [_thread_blocked, id=6584, stack(0x000000001d2c0000,0x000000001d3c0000)]
  0x000000001c16fe70 JavaThread "Service Thread" daemon [_thread_blocked, id=9184, stack(0x000000001d540000,0x000000001d640000)]
  0x000000001c187f60 JavaThread "Monitor Deflation Thread" daemon [_thread_blocked, id=8632, stack(0x000000001d790000,0x000000001d890000)]
=>0x000000001c174da0 JavaThread "C2 CompilerThread0" daemon [_thread_in_native, id=6340, stack(0x000000001d410000,0x000000001d510000)]
  0x000000001c19eef0 JavaThread "C1 CompilerThread0" daemon [_thread_in_native, id=6576, stack(0x000000001d8d0000,0x000000001d9d0000)]
  0x000000001c19f820 JavaThread "Sweeper thread" daemon [_thread_blocked, id=8492, stack(0x000000001dad0000,0x000000001dbd0000)]
  0x000000001c188430 JavaThread "Common-Cleaner" daemon [_thread_blocked, id=8356, stack(0x000000001dd20000,0x000000001de20000)]
  0x000000001c188900 JavaThread "Notification Thread" daemon [_thread_blocked, id=3460, stack(0x000000001e320000,0x000000001e420000)]
  0x000000001c1892a0 JavaThread "pool-1-thread-1" [_thread_in_Java, id=9168, stack(0x000000001d9d0000,0x000000001dad0000)]
  0x000000001c189770 JavaThread "DisconnectableInputStream source reader" daemon [_thread_in_native, id=7368, stack(0x000000001e440000,0x000000001e540000)]
  0x000000001c189c40 JavaThread "Forward input" [_thread_blocked, id=352, stack(0x00000000203a0000,0x00000000204a0000)]

Other Threads:
  0x000000001c146210 VMThread "VM Thread" [stack: 0x000000001cd50000,0x000000001ce50000] [id=9040]
  0x000000001de4bb90 WatcherThread [stack: 0x000000001dbe0000,0x000000001dce0000] [id=7772]
  0x00000000001a0460 GCTaskThread "GC Thread#0" [stack: 0x0000000019650000,0x0000000019750000] [id=8328]
  0x000000001e0b7e70 GCTaskThread "GC Thread#1" [stack: 0x000000001ee70000,0x000000001ef70000] [id=8716]
  0x000000001e80f9f0 GCTaskThread "GC Thread#2" [stack: 0x000000001d680000,0x000000001d780000] [id=6764]
  0x000000001f308e30 GCTaskThread "GC Thread#3" [stack: 0x000000001ff50000,0x0000000020050000] [id=8352]
  0x00000000001a3ab0 ConcurrentGCThread "G1 Main Marker" [stack: 0x0000000019750000,0x0000000019850000] [id=1804]
  0x00000000001a53d0 ConcurrentGCThread "G1 Conc#0" [stack: 0x00000000199e0000,0x0000000019ae0000] [id=7068]
  0x00000000001e9c40 ConcurrentGCThread "G1 Refine#0" [stack: 0x000000001bfa0000,0x000000001c0a0000] [id=5812]
  0x00000000001ed270 ConcurrentGCThread "G1 Service" [stack: 0x000000001be50000,0x000000001bf50000] [id=1832]

Threads with active compile tasks:
C2 CompilerThread0  50359407 1914       4       java.util.Collections::addAll (43 bytes)
C1 CompilerThread0  50359407 1916 % !   3       java.util.concurrent.ThreadPoolExecutor::runWorker @ 21 (187 bytes)

VM state: not at safepoint (normal execution)

VM Mutex/Monitor currently owned by a thread: None

Heap address: 0x00000000fc000000, size: 64 MB, Compressed Oops mode: 32-bit

CDS archive(s) mapped at: [0x0000000800000000-0x0000000800bd0000-0x0000000800bd0000), size 12386304, SharedBaseAddress: 0x0000000800000000, ArchiveRelocationMode: 0.
Compressed class space mapped at: 0x0000000800c00000-0x0000000840c00000, reserved size: 1073741824
Narrow klass base: 0x0000000800000000, Narrow klass shift: 0, Narrow klass range: 0x100000000

GC Precious Log:
 CPUs: 4 total, 4 available
 Memory: 3948M
 Large Page Support: Disabled
 NUMA Support: Disabled
 Compressed Oops: Enabled (32-bit)
 Heap Region Size: 1M
 Heap Min Capacity: 64M
 Heap Initial Capacity: 64M
 Heap Max Capacity: 64M
 Pre-touch: Disabled
 Parallel Workers: 4
 Concurrent Workers: 1
 Concurrent Refinement Workers: 4
 Periodic GC: Disabled

Heap:
 garbage-first heap   total 65536K, used 24762K [0x00000000fc000000, 0x0000000100000000)
  region size 1024K, 14 young (14336K), 1 survivors (1024K)
 Metaspace       used 9046K, committed 9216K, reserved 1064960K
  class space    used 1182K, committed 1280K, reserved 1048576K

Heap Regions: E=young(eden), S=young(survivor), O=old, HS=humongous(starts), HC=humongous(continues), CS=collection set, F=free, OA=open archive, CA=closed archive, TAMS=top-at-mark-start (previous, next)
|   0|0x00000000fc000000, 0x00000000fc100000, 0x00000000fc100000|100%| O|  |TAMS 0x00000000fc000000, 0x00000000fc000000| Untracked 
|   1|0x00000000fc100000, 0x00000000fc200000, 0x00000000fc200000|100%| O|  |TAMS 0x00000000fc100000, 0x00000000fc100000| Untracked 
|   2|0x00000000fc200000, 0x00000000fc300000, 0x00000000fc300000|100%| O|  |TAMS 0x00000000fc200000, 0x00000000fc200000| Untracked 
|   3|0x00000000fc300000, 0x00000000fc400000, 0x00000000fc400000|100%|HS|  |TAMS 0x00000000fc300000, 0x00000000fc300000| Complete 
|   4|0x00000000fc400000, 0x00000000fc500000, 0x00000000fc500000|100%|HC|  |TAMS 0x00000000fc400000, 0x00000000fc400000| Complete 
|   5|0x00000000fc500000, 0x00000000fc600000, 0x00000000fc600000|100%|HC|  |TAMS 0x00000000fc500000, 0x00000000fc500000| Complete 
|   6|0x00000000fc600000, 0x00000000fc700000, 0x00000000fc700000|100%|HC|  |TAMS 0x00000000fc600000, 0x00000000fc600000| Complete 
|   7|0x00000000fc700000, 0x00000000fc800000, 0x00000000fc800000|100%| O|  |TAMS 0x00000000fc700000, 0x00000000fc700000| Untracked 
|   8|0x00000000fc800000, 0x00000000fc900000, 0x00000000fc900000|100%| O|  |TAMS 0x00000000fc800000, 0x00000000fc800000| Untracked 
|   9|0x00000000fc900000, 0x00000000fca00000, 0x00000000fca00000|100%| O|  |TAMS 0x00000000fc900000, 0x00000000fc900000| Untracked 
|  10|0x00000000fca00000, 0x00000000fcb00000, 0x00000000fcb00000|100%| O|  |TAMS 0x00000000fca00000, 0x00000000fca00000| Untracked 
|  11|0x00000000fcb00000, 0x00000000fcc00000, 0x00000000fcc00000|100%| O|  |TAMS 0x00000000fcb00000, 0x00000000fcb00000| Untracked 
|  12|0x00000000fcc00000, 0x00000000fcc2d800, 0x00000000fcd00000| 17%| O|  |TAMS 0x00000000fcc00000, 0x00000000fcc00000| Untracked 
|  13|0x00000000fcd00000, 0x00000000fcd00000, 0x00000000fce00000|  0%| F|  |TAMS 0x00000000fcd00000, 0x00000000fcd00000| Untracked 
|  14|0x00000000fce00000, 0x00000000fce00000, 0x00000000fcf00000|  0%| F|  |TAMS 0x00000000fce00000, 0x00000000fce00000| Untracked 
|  15|0x00000000fcf00000, 0x00000000fcf00000, 0x00000000fd000000|  0%| F|  |TAMS 0x00000000fcf00000, 0x00000000fcf00000| Untracked 
|  16|0x00000000fd000000, 0x00000000fd000000, 0x00000000fd100000|  0%| F|  |TAMS 0x00000000fd000000, 0x00000000fd000000| Untracked 
|  17|0x00000000fd100000, 0x00000000fd100000, 0x00000000fd200000|  0%| F|  |TAMS 0x00000000fd100000, 0x00000000fd100000| Untracked 
|  18|0x00000000fd200000, 0x00000000fd200000, 0x00000000fd300000|  0%| F|  |TAMS 0x00000000fd200000, 0x00000000fd200000| Untracked 
|  19|0x00000000fd300000, 0x00000000fd300000, 0x00000000fd400000|  0%| F|  |TAMS 0x00000000fd300000, 0x00000000fd300000| Untracked 
|  20|0x00000000fd400000, 0x00000000fd400000, 0x00000000fd500000|  0%| F|  |TAMS 0x00000000fd400000, 0x00000000fd400000| Untracked 
|  21|0x00000000fd500000, 0x00000000fd500000, 0x00000000fd600000|  0%| F|  |TAMS 0x00000000fd500000, 0x00000000fd500000| Untracked 
|  22|0x00000000fd600000, 0x00000000fd600000, 0x00000000fd700000|  0%| F|  |TAMS 0x00000000fd600000, 0x00000000fd600000| Untracked 
|  23|0x00000000fd700000, 0x00000000fd700000, 0x00000000fd800000|  0%| F|  |TAMS 0x00000000fd700000, 0x00000000fd700000| Untracked 
|  24|0x00000000fd800000, 0x00000000fd800000, 0x00000000fd900000|  0%| F|  |TAMS 0x00000000fd800000, 0x00000000fd800000| Untracked 
|  25|0x00000000fd900000, 0x00000000fd900000, 0x00000000fda00000|  0%| F|  |TAMS 0x00000000fd900000, 0x00000000fd900000| Untracked 
|  26|0x00000000fda00000, 0x00000000fda00000, 0x00000000fdb00000|  0%| F|  |TAMS 0x00000000fda00000, 0x00000000fda00000| Untracked 
|  27|0x00000000fdb00000, 0x00000000fdb00000, 0x00000000fdc00000|  0%| F|  |TAMS 0x00000000fdb00000, 0x00000000fdb00000| Untracked 
|  28|0x00000000fdc00000, 0x00000000fdc00000, 0x00000000fdd00000|  0%| F|  |TAMS 0x00000000fdc00000, 0x00000000fdc00000| Untracked 
|  29|0x00000000fdd00000, 0x00000000fdd00000, 0x00000000fde00000|  0%| F|  |TAMS 0x00000000fdd00000, 0x00000000fdd00000| Untracked 
|  30|0x00000000fde00000, 0x00000000fde00000, 0x00000000fdf00000|  0%| F|  |TAMS 0x00000000fde00000, 0x00000000fde00000| Untracked 
|  31|0x00000000fdf00000, 0x00000000fdf00000, 0x00000000fe000000|  0%| F|  |TAMS 0x00000000fdf00000, 0x00000000fdf00000| Untracked 
|  32|0x00000000fe000000, 0x00000000fe000000, 0x00000000fe100000|  0%| F|  |TAMS 0x00000000fe000000, 0x00000000fe000000| Untracked 
|  33|0x00000000fe100000, 0x00000000fe100000, 0x00000000fe200000|  0%| F|  |TAMS 0x00000000fe100000, 0x00000000fe100000| Untracked 
|  34|0x00000000fe200000, 0x00000000fe200000, 0x00000000fe300000|  0%| F|  |TAMS 0x00000000fe200000, 0x00000000fe200000| Untracked 
|  35|0x00000000fe300000, 0x00000000fe300000, 0x00000000fe400000|  0%| F|  |TAMS 0x00000000fe300000, 0x00000000fe300000| Untracked 
|  36|0x00000000fe400000, 0x00000000fe400000, 0x00000000fe500000|  0%| F|  |TAMS 0x00000000fe400000, 0x00000000fe400000| Untracked 
|  37|0x00000000fe500000, 0x00000000fe500000, 0x00000000fe600000|  0%| F|  |TAMS 0x00000000fe500000, 0x00000000fe500000| Untracked 
|  38|0x00000000fe600000, 0x00000000fe600000, 0x00000000fe700000|  0%| F|  |TAMS 0x00000000fe600000, 0x00000000fe600000| Untracked 
|  39|0x00000000fe700000, 0x00000000fe700000, 0x00000000fe800000|  0%| F|  |TAMS 0x00000000fe700000, 0x00000000fe700000| Untracked 
|  40|0x00000000fe800000, 0x00000000fe800000, 0x00000000fe900000|  0%| F|  |TAMS 0x00000000fe800000, 0x00000000fe800000| Untracked 
|  41|0x00000000fe900000, 0x00000000fe900000, 0x00000000fea00000|  0%| F|  |TAMS 0x00000000fe900000, 0x00000000fe900000| Untracked 
|  42|0x00000000fea00000, 0x00000000fea00000, 0x00000000feb00000|  0%| F|  |TAMS 0x00000000fea00000, 0x00000000fea00000| Untracked 
|  43|0x00000000feb00000, 0x00000000feb00000, 0x00000000fec00000|  0%| F|  |TAMS 0x00000000feb00000, 0x00000000feb00000| Untracked 
|  44|0x00000000fec00000, 0x00000000fec00000, 0x00000000fed00000|  0%| F|  |TAMS 0x00000000fec00000, 0x00000000fec00000| Untracked 
|  45|0x00000000fed00000, 0x00000000fed00000, 0x00000000fee00000|  0%| F|  |TAMS 0x00000000fed00000, 0x00000000fed00000| Untracked 
|  46|0x00000000fee00000, 0x00000000fee00000, 0x00000000fef00000|  0%| F|  |TAMS 0x00000000fee00000, 0x00000000fee00000| Untracked 
|  47|0x00000000fef00000, 0x00000000fef00000, 0x00000000ff000000|  0%| F|  |TAMS 0x00000000fef00000, 0x00000000fef00000| Untracked 
|  48|0x00000000ff000000, 0x00000000ff000000, 0x00000000ff100000|  0%| F|  |TAMS 0x00000000ff000000, 0x00000000ff000000| Untracked 
|  49|0x00000000ff100000, 0x00000000ff100000, 0x00000000ff200000|  0%| F|  |TAMS 0x00000000ff100000, 0x00000000ff100000| Untracked 
|  50|0x00000000ff200000, 0x00000000ff280800, 0x00000000ff300000| 50%| E|  |TAMS 0x00000000ff200000, 0x00000000ff200000| Complete 
|  51|0x00000000ff300000, 0x00000000ff301020, 0x00000000ff400000|  0%| S|CS|TAMS 0x00000000ff300000, 0x00000000ff300000| Complete 
|  52|0x00000000ff400000, 0x00000000ff500000, 0x00000000ff500000|100%| E|CS|TAMS 0x00000000ff400000, 0x00000000ff400000| Complete 
|  53|0x00000000ff500000, 0x00000000ff600000, 0x00000000ff600000|100%| E|CS|TAMS 0x00000000ff500000, 0x00000000ff500000| Complete 
|  54|0x00000000ff600000, 0x00000000ff700000, 0x00000000ff700000|100%| E|CS|TAMS 0x00000000ff600000, 0x00000000ff600000| Complete 
|  55|0x00000000ff700000, 0x00000000ff800000, 0x00000000ff800000|100%| E|CS|TAMS 0x00000000ff700000, 0x00000000ff700000| Complete 
|  56|0x00000000ff800000, 0x00000000ff900000, 0x00000000ff900000|100%| E|CS|TAMS 0x00000000ff800000, 0x00000000ff800000| Complete 
|  57|0x00000000ff900000, 0x00000000ffa00000, 0x00000000ffa00000|100%| E|CS|TAMS 0x00000000ff900000, 0x00000000ff900000| Complete 
|  58|0x00000000ffa00000, 0x00000000ffb00000, 0x00000000ffb00000|100%| E|CS|TAMS 0x00000000ffa00000, 0x00000000ffa00000| Complete 
|  59|0x00000000ffb00000, 0x00000000ffc00000, 0x00000000ffc00000|100%| E|CS|TAMS 0x00000000ffb00000, 0x00000000ffb00000| Complete 
|  60|0x00000000ffc00000, 0x00000000ffd00000, 0x00000000ffd00000|100%| E|CS|TAMS 0x00000000ffc00000, 0x00000000ffc00000| Complete 
|  61|0x00000000ffd00000, 0x00000000ffe00000, 0x00000000ffe00000|100%| E|CS|TAMS 0x00000000ffd00000, 0x00000000ffd00000| Complete 
|  62|0x00000000ffe00000, 0x00000000fff00000, 0x00000000fff00000|100%| E|CS|TAMS 0x00000000ffe00000, 0x00000000ffe00000| Complete 
|  63|0x00000000fff00000, 0x0000000100000000, 0x0000000100000000|100%| E|CS|TAMS 0x00000000fff00000, 0x00000000fff00000| Complete 

Card table byte_map: [0x0000000001f80000,0x0000000001fa0000] _byte_map_base: 0x00000000017a0000

Marking Bits (Prev, Next): (CMBitMap*) 0x00000000001a2980, (CMBitMap*) 0x00000000001a29c0
 Prev Bits: [0x00000000193d0000, 0x00000000194d0000)
 Next Bits: [0x00000000194d0000, 0x00000000195d0000)

Polling page: 0x0000000000330000

Metaspace:

Usage:
  Non-class:      7.68 MB used.
      Class:      1.15 MB used.
       Both:      8.83 MB used.

Virtual space:
  Non-class space:       16.00 MB reserved,       7.75 MB ( 48%) committed,  2 nodes.
      Class space:        1.00 GB reserved,       1.25 MB ( <1%) committed,  1 nodes.
             Both:        1.02 GB reserved,       9.00 MB ( <1%) committed. 

Chunk freelists:
   Non-Class:  3.81 MB
       Class:  2.64 MB
        Both:  6.45 MB

MaxMetaspaceSize: unlimited
CompressedClassSpaceSize: 1.00 GB
Initial GC threshold: 21.00 MB
Current GC threshold: 21.00 MB
CDS: on
MetaspaceReclaimPolicy: balanced
 - commit_granule_bytes: 65536.
 - commit_granule_words: 8192.
 - virtual_space_node_default_size: 1048576.
 - enlarge_chunks_in_place: 1.
 - new_chunks_are_fully_committed: 0.
 - uncommit_free_chunks: 1.
 - use_allocation_guard: 0.
 - handle_deallocations: 1.


Internal statistics:

num_allocs_failed_limit: 0.
num_arena_births: 74.
num_arena_deaths: 0.
num_vsnodes_births: 3.
num_vsnodes_deaths: 0.
num_space_committed: 144.
num_space_uncommitted: 0.
num_chunks_returned_to_freelist: 0.
num_chunks_taken_from_freelist: 308.
num_chunk_merges: 0.
num_chunk_splits: 217.
num_chunks_enlarged: 181.
num_purges: 0.
num_inconsistent_stats: 0.

CodeHeap 'non-profiled nmethods': size=120000Kb used=1045Kb max_used=1045Kb free=118954Kb
 bounds [0x0000000011970000, 0x0000000011be0000, 0x0000000018ea0000]
CodeHeap 'profiled nmethods': size=120000Kb used=3463Kb max_used=3463Kb free=116536Kb
 bounds [0x0000000009ea0000, 0x000000000a210000, 0x00000000113d0000]
CodeHeap 'non-nmethods': size=5760Kb used=1170Kb max_used=1201Kb free=4590Kb
 bounds [0x00000000113d0000, 0x0000000011640000, 0x0000000011970000]
 total_blobs=2380 nmethods=1913 adapters=381
 compilation: enabled
              stopped_count=0, restarted_count=0
 full_count=0

Compilation events (20 events):
Event: 2069.592 Thread 0x000000001c174da0 1905       4       java.nio.CharBuffer::position (6 bytes)
Event: 2069.595 Thread 0x000000001c174da0 nmethod 1905 0x0000000011a70f10 code [0x0000000011a71080, 0x0000000011a71158]
Event: 2355.481 Thread 0x000000001c174da0 1906       4       java.nio.ByteBuffer::position (8 bytes)
Event: 2355.483 Thread 0x000000001c174da0 nmethod 1906 0x0000000011a71290 code [0x0000000011a71400, 0x0000000011a714d8]
Event: 2463.481 Thread 0x000000001c19eef0 1907       1       org.fusesource.jansi.Ansi$Erase::value (5 bytes)
Event: 2463.482 Thread 0x000000001c19eef0 nmethod 1907 0x0000000011a71610 code [0x0000000011a717a0, 0x0000000011a71878]
Event: 2657.481 Thread 0x000000001c174da0 1908       4       com.google.common.collect.Lists$ReverseList$1::next (30 bytes)
Event: 2657.487 Thread 0x000000001c174da0 nmethod 1908 0x0000000011a71910 code [0x0000000011a71aa0, 0x0000000011a71c38]
Event: 2657.487 Thread 0x000000001c174da0 1909       4       java.util.ArrayList$ListItr::previous (59 bytes)
Event: 2657.490 Thread 0x000000001c174da0 nmethod 1909 0x0000000011a71e90 code [0x0000000011a72020, 0x0000000011a72158]
Event: 3159.291 Thread 0x000000001c19eef0 1910       3       java.lang.ref.Reference::enqueueFromPending (19 bytes)
Event: 3159.291 Thread 0x000000001c19eef0 nmethod 1910 0x000000000a200590 code [0x000000000a200740, 0x000000000a200968]
Event: 3616.880 Thread 0x000000001c19eef0 1911       3       org.gradle.internal.time.TimeFormatting::formatDurationTerse (123 bytes)
Event: 3616.935 Thread 0x000000001c19eef0 nmethod 1911 0x000000000a200a10 code [0x000000000a200d00, 0x000000000a201a88]
Event: 3656.181 Thread 0x000000001c174da0 1912       4       org.gradle.internal.time.MonotonicClock::advance (33 bytes)
Event: 3656.201 Thread 0x000000001c174da0 nmethod 1912 0x0000000011a72310 code [0x0000000011a72480, 0x0000000011a72558]
Event: 4116.105 Thread 0x000000001c174da0 1913       4       org.gradle.internal.time.TimeFormatting::formatDurationTerse (123 bytes)
Event: 4116.463 Thread 0x000000001c174da0 nmethod 1913 0x0000000011a72690 code [0x0000000011a728c0, 0x0000000011a747d0]
Event: 50323.050 Thread 0x000000001c174da0 1914       4       java.util.Collections::addAll (43 bytes)
Event: 50324.370 Thread 0x000000001c19eef0 1916 % !   3       java.util.concurrent.ThreadPoolExecutor::runWorker @ 21 (187 bytes)

GC Heap History (20 events):
Event: 50301.958 GC heap before
{Heap before GC invocations=7 (full 0):
 garbage-first heap   total 65536K, used 14527K [0x00000000fc000000, 0x0000000100000000)
  region size 1024K, 3 young (3072K), 1 survivors (1024K)
 Metaspace       used 9043K, committed 9216K, reserved 1064960K
  class space    used 1182K, committed 1280K, reserved 1048576K
}
Event: 50302.921 GC heap after
{Heap after GC invocations=8 (full 0):
 garbage-first heap   total 65536K, used 12469K [0x00000000fc000000, 0x0000000100000000)
  region size 1024K, 1 young (1024K), 1 survivors (1024K)
 Metaspace       used 9043K, committed 9216K, reserved 1064960K
  class space    used 1182K, committed 1280K, reserved 1048576K
}
Event: 50318.199 GC heap before
{Heap before GC invocations=8 (full 0):
 garbage-first heap   total 65536K, used 14517K [0x00000000fc000000, 0x0000000100000000)
  region size 1024K, 3 young (3072K), 1 survivors (1024K)
 Metaspace       used 9043K, committed 9216K, reserved 1064960K
  class space    used 1182K, committed 1280K, reserved 1048576K
}
Event: 50318.759 GC heap after
{Heap after GC invocations=9 (full 0):
 garbage-first heap   total 65536K, used 12469K [0x00000000fc000000, 0x0000000100000000)
  region size 1024K, 1 young (1024K), 1 survivors (1024K)
 Metaspace       used 9043K, committed 9216K, reserved 1064960K
  class space    used 1182K, committed 1280K, reserved 1048576K
}
Event: 50318.855 GC heap before
{Heap before GC invocations=9 (full 0):
 garbage-first heap   total 65536K, used 14517K [0x00000000fc000000, 0x0000000100000000)
  region size 1024K, 3 young (3072K), 1 survivors (1024K)
 Metaspace       used 9043K, committed 9216K, reserved 1064960K
  class space    used 1182K, committed 1280K, reserved 1048576K
}
Event: 50318.856 GC heap after
{Heap after GC invocations=10 (full 0):
 garbage-first heap   total 65536K, used 12471K [0x00000000fc000000, 0x0000000100000000)
  region size 1024K, 1 young (1024K), 1 survivors (1024K)
 Metaspace       used 9043K, committed 9216K, reserved 1064960K
  class space    used 1182K, committed 1280K, reserved 1048576K
}
Event: 50319.544 GC heap before
{Heap before GC invocations=10 (full 0):
 garbage-first heap   total 65536K, used 14519K [0x00000000fc000000, 0x0000000100000000)
  region size 1024K, 3 young (3072K), 1 survivors (1024K)
 Metaspace       used 9043K, committed 9216K, reserved 1064960K
  class space    used 1182K, committed 1280K, reserved 1048576K
}
Event: 50319.668 GC heap after
{Heap after GC invocations=11 (full 0):
 garbage-first heap   total 65536K, used 12471K [0x00000000fc000000, 0x0000000100000000)
  region size 1024K, 1 young (1024K), 1 survivors (1024K)
 Metaspace       used 9043K, committed 9216K, reserved 1064960K
  class space    used 1182K, committed 1280K, reserved 1048576K
}
Event: 50324.155 GC heap before
{Heap before GC invocations=11 (full 0):
 garbage-first heap   total 65536K, used 14519K [0x00000000fc000000, 0x0000000100000000)
  region size 1024K, 3 young (3072K), 1 survivors (1024K)
 Metaspace       used 9043K, committed 9216K, reserved 1064960K
  class space    used 1182K, committed 1280K, reserved 1048576K
}
Event: 50324.359 GC heap after
{Heap after GC invocations=12 (full 0):
 garbage-first heap   total 65536K, used 12469K [0x00000000fc000000, 0x0000000100000000)
  region size 1024K, 1 young (1024K), 1 survivors (1024K)
 Metaspace       used 9043K, committed 9216K, reserved 1064960K
  class space    used 1182K, committed 1280K, reserved 1048576K
}
Event: 50324.457 GC heap before
{Heap before GC invocations=12 (full 0):
 garbage-first heap   total 65536K, used 14517K [0x00000000fc000000, 0x0000000100000000)
  region size 1024K, 3 young (3072K), 1 survivors (1024K)
 Metaspace       used 9043K, committed 9216K, reserved 1064960K
  class space    used 1182K, committed 1280K, reserved 1048576K
}
Event: 50324.457 GC heap after
{Heap after GC invocations=13 (full 0):
 garbage-first heap   total 65536K, used 12469K [0x00000000fc000000, 0x0000000100000000)
  region size 1024K, 1 young (1024K), 1 survivors (1024K)
 Metaspace       used 9043K, committed 9216K, reserved 1064960K
  class space    used 1182K, committed 1280K, reserved 1048576K
}
Event: 50326.510 GC heap before
{Heap before GC invocations=13 (full 0):
 garbage-first heap   total 65536K, used 14517K [0x00000000fc000000, 0x0000000100000000)
  region size 1024K, 3 young (3072K), 1 survivors (1024K)
 Metaspace       used 9043K, committed 9216K, reserved 1064960K
  class space    used 1182K, committed 1280K, reserved 1048576K
}
Event: 50326.510 GC heap after
{Heap after GC invocations=14 (full 0):
 garbage-first heap   total 65536K, used 12469K [0x00000000fc000000, 0x0000000100000000)
  region size 1024K, 1 young (1024K), 1 survivors (1024K)
 Metaspace       used 9043K, committed 9216K, reserved 1064960K
  class space    used 1182K, committed 1280K, reserved 1048576K
}
Event: 50326.861 GC heap before
{Heap before GC invocations=14 (full 0):
 garbage-first heap   total 65536K, used 14517K [0x00000000fc000000, 0x0000000100000000)
  region size 1024K, 3 young (3072K), 1 survivors (1024K)
 Metaspace       used 9045K, committed 9216K, reserved 1064960K
  class space    used 1182K, committed 1280K, reserved 1048576K
}
Event: 50326.862 GC heap after
{Heap after GC invocations=15 (full 0):
 garbage-first heap   total 65536K, used 12469K [0x00000000fc000000, 0x0000000100000000)
  region size 1024K, 1 young (1024K), 1 survivors (1024K)
 Metaspace       used 9045K, committed 9216K, reserved 1064960K
  class space    used 1182K, committed 1280K, reserved 1048576K
}
Event: 50327.157 GC heap before
{Heap before GC invocations=15 (full 0):
 garbage-first heap   total 65536K, used 14517K [0x00000000fc000000, 0x0000000100000000)
  region size 1024K, 3 young (3072K), 1 survivors (1024K)
 Metaspace       used 9045K, committed 9216K, reserved 1064960K
  class space    used 1182K, committed 1280K, reserved 1048576K
}
Event: 50327.158 GC heap after
{Heap after GC invocations=16 (full 0):
 garbage-first heap   total 65536K, used 12469K [0x00000000fc000000, 0x0000000100000000)
  region size 1024K, 1 young (1024K), 1 survivors (1024K)
 Metaspace       used 9045K, committed 9216K, reserved 1064960K
  class space    used 1182K, committed 1280K, reserved 1048576K
}
Event: 50327.431 GC heap before
{Heap before GC invocations=16 (full 0):
 garbage-first heap   total 65536K, used 14517K [0x00000000fc000000, 0x0000000100000000)
  region size 1024K, 3 young (3072K), 1 survivors (1024K)
 Metaspace       used 9045K, committed 9216K, reserved 1064960K
  class space    used 1182K, committed 1280K, reserved 1048576K
}
Event: 50327.432 GC heap after
{Heap after GC invocations=17 (full 0):
 garbage-first heap   total 65536K, used 12469K [0x00000000fc000000, 0x0000000100000000)
  region size 1024K, 1 young (1024K), 1 survivors (1024K)
 Metaspace       used 9045K, committed 9216K, reserved 1064960K
  class space    used 1182K, committed 1280K, reserved 1048576K
}

Deoptimization events (20 events):
Event: 12.194 Thread 0x000000001c1892a0 Uncommon trap: trap_request=0xffffff45 fr.pc=0x0000000011a0692c relative=0x0000000000000b2c
Event: 12.194 Thread 0x000000001c1892a0 Uncommon trap: reason=unstable_if action=reinterpret pc=0x0000000011a0692c method=java.io.BufferedOutputStream.write(I)V @ 9 c2
Event: 12.194 Thread 0x000000001c1892a0 DEOPT PACKING pc=0x0000000011a0692c sp=0x000000001dacea80
Event: 12.194 Thread 0x000000001c1892a0 DEOPT UNPACKING pc=0x000000001142239d sp=0x000000001dace968 mode 2
Event: 28.075 Thread 0x000000000017c9f0 Uncommon trap: trap_request=0xffffff45 fr.pc=0x00000000119fe1c0 relative=0x00000000000001a0
Event: 28.075 Thread 0x000000000017c9f0 Uncommon trap: reason=unstable_if action=reinterpret pc=0x00000000119fe1c0 method=com.esotericsoftware.kryo.io.Input.require(I)I @ 65 c2
Event: 28.075 Thread 0x000000000017c9f0 DEOPT PACKING pc=0x00000000119fe1c0 sp=0x00000000021dce80
Event: 28.075 Thread 0x000000000017c9f0 DEOPT UNPACKING pc=0x000000001142239d sp=0x00000000021dce40 mode 2
Event: 28.087 Thread 0x000000001c1892a0 DEOPT PACKING pc=0x000000000a17ebf4 sp=0x000000001dace8b0
Event: 28.087 Thread 0x000000001c1892a0 DEOPT UNPACKING pc=0x0000000011422b24 sp=0x000000001dacdd80 mode 0
Event: 28.105 Thread 0x000000001c1892a0 DEOPT PACKING pc=0x000000000a17ebf4 sp=0x000000001dace8b0
Event: 28.105 Thread 0x000000001c1892a0 DEOPT UNPACKING pc=0x0000000011422b24 sp=0x000000001dacdd80 mode 0
Event: 151.582 Thread 0x000000001c1892a0 DEOPT PACKING pc=0x000000000a169b83 sp=0x000000001dace6f0
Event: 151.582 Thread 0x000000001c1892a0 DEOPT UNPACKING pc=0x0000000011422b24 sp=0x000000001dacdb60 mode 0
Event: 582.563 Thread 0x000000001c1892a0 DEOPT PACKING pc=0x000000000a1e1f02 sp=0x000000001dacf090
Event: 582.563 Thread 0x000000001c1892a0 DEOPT UNPACKING pc=0x0000000011422b24 sp=0x000000001dace550 mode 0
Event: 3604.181 Thread 0x000000001c1892a0 Uncommon trap: trap_request=0xffffff45 fr.pc=0x0000000011a51e64 relative=0x0000000000001144
Event: 3604.197 Thread 0x000000001c1892a0 Uncommon trap: reason=unstable_if action=reinterpret pc=0x0000000011a51e64 method=org.gradle.internal.time.TimeFormatting.formatDurationTerse(J)Ljava/lang/String; @ 13 c2
Event: 3604.209 Thread 0x000000001c1892a0 DEOPT PACKING pc=0x0000000011a51e64 sp=0x000000001dacefa0
Event: 3604.217 Thread 0x000000001c1892a0 DEOPT UNPACKING pc=0x000000001142239d sp=0x000000001dacef78 mode 2

Classes unloaded (0 events):
No events

Classes redefined (0 events):
No events

Internal exceptions (18 events):
Event: 0.316 Thread 0x000000000017c9f0 Exception <a 'java/lang/NoSuchMethodError'{0x00000000ffd797e8}: 'int java.lang.invoke.DirectMethodHandle$Holder.invokeStaticInit(java.lang.Object, java.lang.Object)'> (0x00000000ffd797e8) 
thrown [s\open\src\hotspot\share\interpreter\linkResolver.cpp, line 759]
Event: 1.785 Thread 0x000000000017c9f0 Exception <a 'java/lang/NoSuchMethodError'{0x00000000ff949ca0}: 'void java.lang.invoke.DirectMethodHandle$Holder.invokeStatic(java.lang.Object, java.lang.Object)'> (0x00000000ff949ca0) 
thrown [s\open\src\hotspot\share\interpreter\linkResolver.cpp, line 759]
Event: 1.836 Thread 0x000000000017c9f0 Exception <a 'java/lang/NoClassDefFoundError'{0x00000000ff9b2b08}: org/slf4j/impl/StaticMarkerBinder> (0x00000000ff9b2b08) 
thrown [s\open\src\hotspot\share\classfile\systemDictionary.cpp, line 245]
Event: 1.881 Thread 0x000000000017c9f0 Exception <a 'java/lang/NoSuchMethodError'{0x00000000ff852cb8}: 'java.lang.Object java.lang.invoke.DirectMethodHandle$Holder.invokeVirtual(java.lang.Object, java.lang.Object, java.lang.Object, java.lang.Object, java.lang.Object, java.lang.Object, java.lang.Object)'> (0x00000000ff852cb8) 
thrown [s\open\src\hotspot\share\interpreter\linkResolver.cpp, line 759]
Event: 1.887 Thread 0x000000000017c9f0 Exception <a 'java/lang/NoSuchMethodError'{0x00000000ff863390}: 'java.lang.Object java.lang.invoke.Invokers$Holder.invoker(java.lang.Object, java.lang.Object, java.lang.Object)'> (0x00000000ff863390) 
thrown [s\open\src\hotspot\share\interpreter\linkResolver.cpp, line 759]
Event: 1.892 Thread 0x000000000017c9f0 Exception <a 'java/lang/NoSuchMethodError'{0x00000000ff86c510}: 'java.lang.Object java.lang.invoke.DirectMethodHandle$Holder.invokeStatic(java.lang.Object, java.lang.Object, int)'> (0x00000000ff86c510) 
thrown [s\open\src\hotspot\share\interpreter\linkResolver.cpp, line 759]
Event: 1.896 Thread 0x000000000017c9f0 Exception <a 'java/lang/NoSuchMethodError'{0x00000000ff878200}: 'void java.lang.invoke.DelegatingMethodHandle$Holder.delegate(java.lang.Object, java.lang.Object, int, java.lang.Object)'> (0x00000000ff878200) 
thrown [s\open\src\hotspot\share\interpreter\linkResolver.cpp, line 759]
Event: 1.898 Thread 0x000000000017c9f0 Exception <a 'java/lang/NoSuchMethodError'{0x00000000ff87c340}: 'int java.lang.invoke.DirectMethodHandle$Holder.invokeSpecial(java.lang.Object, java.lang.Object, java.lang.Object)'> (0x00000000ff87c340) 
thrown [s\open\src\hotspot\share\interpreter\linkResolver.cpp, line 759]
Event: 1.907 Thread 0x000000000017c9f0 Exception <a 'java/lang/NoSuchMethodError'{0x00000000ff88f6f0}: 'java.lang.Object java.lang.invoke.Invokers$Holder.invokeExact_MT(java.lang.Object, java.lang.Object, java.lang.Object, java.lang.Object)'> (0x00000000ff88f6f0) 
thrown [s\open\src\hotspot\share\interpreter\linkResolver.cpp, line 759]
Event: 2.419 Thread 0x000000000017c9f0 Exception <a 'java/lang/NoSuchMethodError'{0x00000000ff0da978}: 'void java.lang.invoke.DirectMethodHandle$Holder.invokeSpecial(java.lang.Object, java.lang.Object, java.lang.Object)'> (0x00000000ff0da978) 
thrown [s\open\src\hotspot\share\interpreter\linkResolver.cpp, line 759]
Event: 2.452 Thread 0x000000000017c9f0 Implicit null exception at 0x00000000119d4f8f to 0x00000000119d54b4
Event: 2.452 Thread 0x000000000017c9f0 Implicit null exception at 0x00000000119a448a to 0x00000000119a49a8
Event: 2.492 Thread 0x000000000017c9f0 Exception <a 'java/lang/NoSuchMethodError'{0x00000000ffe16660}: 'java.lang.Object java.lang.invoke.DirectMethodHandle$Holder.invokeStaticInit(java.lang.Object)'> (0x00000000ffe16660) 
thrown [s\open\src\hotspot\share\interpreter\linkResolver.cpp, line 759]
Event: 2.719 Thread 0x000000000017c9f0 Exception <a 'java/lang/NoSuchMethodError'{0x00000000ffa0c5a8}: 'java.lang.Object java.lang.invoke.DirectMethodHandle$Holder.invokeStaticInit(java.lang.Object, int, int, int, int)'> (0x00000000ffa0c5a8) 
thrown [s\open\src\hotspot\share\interpreter\linkResolver.cpp, line 759]
Event: 2.880 Thread 0x000000000017c9f0 Exception <a 'java/lang/NoSuchMethodError'{0x00000000ff900bc8}: 'java.lang.Object java.lang.invoke.DirectMethodHandle$Holder.invokeStaticInit(java.lang.Object, java.lang.Object, int, int, int, int)'> (0x00000000ff900bc8) 
thrown [s\open\src\hotspot\share\interpreter\linkResolver.cpp, line 759]
Event: 3.184 Thread 0x000000000017c9f0 Exception <a 'java/lang/NoSuchMethodError'{0x00000000ff92d9c8}: 'void java.lang.invoke.DirectMethodHandle$Holder.invokeStatic(java.lang.Object, java.lang.Object, java.lang.Object)'> (0x00000000ff92d9c8) 
thrown [s\open\src\hotspot\share\interpreter\linkResolver.cpp, line 759]
Event: 3.220 Thread 0x000000000017c9f0 Implicit null exception at 0x00000000119abdf2 to 0x00000000119ac3ac
Event: 3.221 Thread 0x000000000017c9f0 Implicit null exception at 0x00000000119d63f2 to 0x00000000119d69c0

VM Operations (20 events):
Event: 50301.958 Executing VM operation: G1CollectForAllocation
Event: 50302.921 Executing VM operation: G1CollectForAllocation done
Event: 50318.199 Executing VM operation: G1CollectForAllocation
Event: 50318.759 Executing VM operation: G1CollectForAllocation done
Event: 50318.855 Executing VM operation: G1CollectForAllocation
Event: 50318.856 Executing VM operation: G1CollectForAllocation done
Event: 50319.002 Executing VM operation: G1CollectForAllocation
Event: 50319.668 Executing VM operation: G1CollectForAllocation done
Event: 50323.678 Executing VM operation: G1CollectForAllocation
Event: 50324.359 Executing VM operation: G1CollectForAllocation done
Event: 50324.456 Executing VM operation: G1CollectForAllocation
Event: 50324.457 Executing VM operation: G1CollectForAllocation done
Event: 50324.586 Executing VM operation: G1CollectForAllocation
Event: 50326.511 Executing VM operation: G1CollectForAllocation done
Event: 50326.720 Executing VM operation: G1CollectForAllocation
Event: 50326.862 Executing VM operation: G1CollectForAllocation done
Event: 50327.051 Executing VM operation: G1CollectForAllocation
Event: 50327.158 Executing VM operation: G1CollectForAllocation done
Event: 50327.364 Executing VM operation: G1CollectForAllocation
Event: 50327.432 Executing VM operation: G1CollectForAllocation done

Events (20 events):
Event: 3.808 loading class jdk/internal/reflect/ByteVector done
Event: 3.808 loading class jdk/internal/reflect/ByteVectorImpl done
Event: 3.808 loading class jdk/internal/reflect/ClassFileAssembler
Event: 3.809 loading class jdk/internal/reflect/ClassFileAssembler done
Event: 3.809 loading class jdk/internal/reflect/UTF8
Event: 3.810 loading class jdk/internal/reflect/UTF8 done
Event: 3.823 loading class jdk/internal/reflect/Label
Event: 3.823 loading class jdk/internal/reflect/Label done
Event: 3.823 loading class jdk/internal/reflect/Label$PatchInfo
Event: 3.823 loading class jdk/internal/reflect/Label$PatchInfo done
Event: 3.824 loading class jdk/internal/reflect/MethodAccessorGenerator$1
Event: 3.824 loading class jdk/internal/reflect/MethodAccessorGenerator$1 done
Event: 3.824 loading class jdk/internal/reflect/ClassDefiner
Event: 3.825 loading class jdk/internal/reflect/ClassDefiner done
Event: 3.825 loading class jdk/internal/reflect/ClassDefiner$1
Event: 3.825 loading class jdk/internal/reflect/ClassDefiner$1 done
Event: 4.226 loading class java/util/ArrayList$ListItr
Event: 4.227 loading class java/util/ArrayList$ListItr done
Event: 9.130 loading class jdk/internal/misc/ScopedMemoryAccess$Scope
Event: 9.130 loading class jdk/internal/misc/ScopedMemoryAccess$Scope done


Dynamic libraries:
0x000000013f700000 - 0x000000013f710000 	C:\Program Files\Java\jdk-17\bin\java.exe
0x0000000076f20000 - 0x00000000770c9000 	C:\Windows\SYSTEM32\ntdll.dll
0x0000000076d00000 - 0x0000000076e1f000 	C:\Windows\system32\kernel32.dll
0x000007fefcf60000 - 0x000007fefcfcb000 	C:\Windows\system32\KERNELBASE.dll
0x000007fef69d0000 - 0x000007fef69e8000 	C:\Program Files\Java\jdk-17\bin\jli.dll
0x000007fefd580000 - 0x000007fefd65b000 	C:\Windows\system32\ADVAPI32.dll
0x000007fefdd90000 - 0x000007fefde2f000 	C:\Windows\system32\msvcrt.dll
0x000007feff100000 - 0x000007feff11f000 	C:\Windows\SYSTEM32\sechost.dll
0x000007fefd660000 - 0x000007fefd78d000 	C:\Windows\system32\RPCRT4.dll
0x000007fefb650000 - 0x000007fefb844000 	C:\Windows\WinSxS\amd64_microsoft.windows.common-controls_6595b64144ccf1df_6.0.7601.17514_none_fa396087175ac9ac\COMCTL32.dll
0x000007fefdaa0000 - 0x000007fefdb07000 	C:\Windows\system32\GDI32.dll
0x0000000076e20000 - 0x0000000076f1a000 	C:\Windows\system32\USER32.dll
0x000007fefd570000 - 0x000007fefd57e000 	C:\Windows\system32\LPK.dll
0x000007fefd2f0000 - 0x000007fefd3b9000 	C:\Windows\system32\USP10.dll
0x000007fefd790000 - 0x000007fefd801000 	C:\Windows\system32\SHLWAPI.dll
0x000007fefbf70000 - 0x000007fefbf7c000 	C:\Windows\system32\VERSION.dll
0x000007fef4230000 - 0x000007fef424b000 	C:\Program Files\Java\jdk-17\bin\VCRUNTIME140.dll
0x000007fef69c0000 - 0x000007fef69c4000 	C:\Program Files\Java\jdk-17\bin\api-ms-win-crt-runtime-l1-1-0.dll
0x000007fee4cb0000 - 0x000007fee4db0000 	C:\Program Files\Java\jdk-17\bin\ucrtbase.DLL
0x000007fef9b60000 - 0x000007fef9b63000 	C:\Program Files\Java\jdk-17\bin\api-ms-win-core-localization-l1-2-0.dll
0x000007fef4280000 - 0x000007fef4283000 	C:\Program Files\Java\jdk-17\bin\api-ms-win-core-processthreads-l1-1-1.dll
0x000007fef4cd0000 - 0x000007fef4cd3000 	C:\Program Files\Java\jdk-17\bin\api-ms-win-core-file-l1-2-0.dll
0x000007fef4270000 - 0x000007fef4273000 	C:\Program Files\Java\jdk-17\bin\api-ms-win-core-timezone-l1-1-0.dll
0x000007fef4220000 - 0x000007fef4223000 	C:\Program Files\Java\jdk-17\bin\api-ms-win-core-file-l2-1-0.dll
0x000007fef4210000 - 0x000007fef4213000 	C:\Program Files\Java\jdk-17\bin\api-ms-win-core-synch-l1-2-0.dll
0x000007fef4190000 - 0x000007fef4193000 	C:\Program Files\Java\jdk-17\bin\api-ms-win-crt-heap-l1-1-0.dll
0x000007fef4180000 - 0x000007fef4184000 	C:\Program Files\Java\jdk-17\bin\api-ms-win-crt-string-l1-1-0.dll
0x000007fef4150000 - 0x000007fef4154000 	C:\Program Files\Java\jdk-17\bin\api-ms-win-crt-stdio-l1-1-0.dll
0x000007fef4140000 - 0x000007fef4144000 	C:\Program Files\Java\jdk-17\bin\api-ms-win-crt-convert-l1-1-0.dll
0x000007feea300000 - 0x000007feea303000 	C:\Program Files\Java\jdk-17\bin\api-ms-win-crt-environment-l1-1-0.dll
0x000007feea2f0000 - 0x000007feea2f3000 	C:\Program Files\Java\jdk-17\bin\api-ms-win-crt-filesystem-l1-1-0.dll
0x000007fee95a0000 - 0x000007fee95a5000 	C:\Program Files\Java\jdk-17\bin\api-ms-win-crt-math-l1-1-0.dll
0x000007fee9550000 - 0x000007fee9553000 	C:\Program Files\Java\jdk-17\bin\api-ms-win-crt-locale-l1-1-0.dll
0x000007fefd810000 - 0x000007fefd83e000 	C:\Windows\system32\IMM32.DLL
0x000007feff120000 - 0x000007feff229000 	C:\Windows\system32\MSCTF.dll
0x000007fee9540000 - 0x000007fee954c000 	C:\Program Files\Java\jdk-17\bin\vcruntime140_1.dll
0x000007fee4c20000 - 0x000007fee4cae000 	C:\Program Files\Java\jdk-17\bin\msvcp140.dll
0x000007fee9530000 - 0x000007fee9533000 	C:\Program Files\Java\jdk-17\bin\api-ms-win-crt-time-l1-1-0.dll
0x000007fee9520000 - 0x000007fee9523000 	C:\Program Files\Java\jdk-17\bin\api-ms-win-crt-utility-l1-1-0.dll
0x000007fecc250000 - 0x000007fecce27000 	C:\Program Files\Java\jdk-17\bin\server\jvm.dll
0x000007fee83b0000 - 0x000007fee83b9000 	C:\Windows\system32\WSOCK32.dll
0x000007fefd440000 - 0x000007fefd48d000 	C:\Windows\system32\WS2_32.dll
0x000007fefd240000 - 0x000007fefd248000 	C:\Windows\system32\NSI.dll
0x000007fefacb0000 - 0x000007fefaceb000 	C:\Windows\system32\WINMM.dll
0x00000000770f0000 - 0x00000000770f7000 	C:\Windows\system32\PSAPI.DLL
0x000007fee9510000 - 0x000007fee951a000 	C:\Program Files\Java\jdk-17\bin\jimage.dll
0x000007fef5bf0000 - 0x000007fef5d15000 	C:\Windows\system32\DBGHELP.DLL
0x000007fee9500000 - 0x000007fee950e000 	C:\Program Files\Java\jdk-17\bin\instrument.dll
0x000007fee6f50000 - 0x000007fee6f75000 	C:\Program Files\Java\jdk-17\bin\java.dll
0x000007fee4b40000 - 0x000007fee4c17000 	C:\Program Files\Java\jdk-17\bin\jsvml.dll
0x000007fefe010000 - 0x000007fefed98000 	C:\Windows\system32\SHELL32.dll
0x000007fefeed0000 - 0x000007feff0d3000 	C:\Windows\system32\ole32.dll
0x000007fefce70000 - 0x000007fefce7f000 	C:\Windows\system32\profapi.dll
0x000007fee83c0000 - 0x000007fee83d8000 	C:\Program Files\Java\jdk-17\bin\zip.dll
0x000007fee6f30000 - 0x000007fee6f49000 	C:\Program Files\Java\jdk-17\bin\net.dll
0x000007fefa650000 - 0x000007fefa6c1000 	C:\Windows\system32\WINHTTP.dll
0x000007fefa5e0000 - 0x000007fefa644000 	C:\Windows\system32\webio.dll
0x000007fefc6e0000 - 0x000007fefc735000 	C:\Windows\system32\mswsock.dll
0x000007fefc6d0000 - 0x000007fefc6d7000 	C:\Windows\System32\wship6.dll
0x000007fee6df0000 - 0x000007fee6e06000 	C:\Program Files\Java\jdk-17\bin\nio.dll
0x000007fee93e0000 - 0x000007fee93f0000 	C:\Program Files\Java\jdk-17\bin\verify.dll
0x000007fee6cf0000 - 0x000007fee6d17000 	C:\Users\MATRIX\.gradle\native\c067742578af261105cb4f569cf0c3c89f3d7b1fecec35dd04571415982c5e48\windows-amd64\native-platform.dll
0x000007fee5000000 - 0x000007fee500a000 	C:\Users\MATRIX\.gradle\native\jansi\1.18\windows64\jansi.dll
0x000007fee5030000 - 0x000007fee503a000 	C:\Program Files\Java\jdk-17\bin\management.dll
0x000007fee5020000 - 0x000007fee502b000 	C:\Program Files\Java\jdk-17\bin\management_ext.dll
0x000007fefc740000 - 0x000007fefc757000 	C:\Windows\system32\CRYPTSP.dll
0x000007fefc440000 - 0x000007fefc487000 	C:\Windows\system32\rsaenh.dll
0x000007fefc1a0000 - 0x000007fefc1be000 	C:\Windows\system32\USERENV.dll
0x000007fefcda0000 - 0x000007fefcdaf000 	C:\Windows\system32\CRYPTBASE.dll
0x000007fefab00000 - 0x000007fefab27000 	C:\Windows\system32\IPHLPAPI.DLL
0x000007fefaad0000 - 0x000007fefaadb000 	C:\Windows\system32\WINNSI.DLL
0x000007fefa710000 - 0x000007fefa728000 	C:\Windows\system32\dhcpcsvc.DLL
0x000007fefa4c0000 - 0x000007fefa4d1000 	C:\Windows\system32\dhcpcsvc6.DLL
0x000007fee5010000 - 0x000007fee501d000 	C:\Program Files\Java\jdk-17\bin\sunmscapi.dll
0x000007fefd030000 - 0x000007fefd197000 	C:\Windows\system32\CRYPT32.dll
0x000007fefcf10000 - 0x000007fefcf1f000 	C:\Windows\system32\MSASN1.dll
0x000007fefc8c0000 - 0x000007fefc90e000 	C:\Windows\system32\ncrypt.dll
0x000007fefc890000 - 0x000007fefc8b2000 	C:\Windows\system32\bcrypt.dll

dbghelp: loaded successfully - version: 4.0.5 - missing functions: none
symbol engine: initialized successfully - sym options: 0x614 - pdb path: .;C:\Program Files\Java\jdk-17\bin;C:\Windows\SYSTEM32;C:\Windows\WinSxS\amd64_microsoft.windows.common-controls_6595b64144ccf1df_6.0.7601.17514_none_fa396087175ac9ac;C:\Program Files\Java\jdk-17\bin\server;C:\Users\MATRIX\.gradle\native\c067742578af261105cb4f569cf0c3c89f3d7b1fecec35dd04571415982c5e48\windows-amd64;C:\Users\MATRIX\.gradle\native\jansi\1.18\windows64

VM Arguments:
jvm_args: -Xmx64m -Xms64m -javaagent:C:\gradle\gradle-8.5/lib/agents/gradle-instrumentation-agent-8.5.jar -Dorg.gradle.appname=gradle 
java_command: org.gradle.launcher.GradleMain bootRun
java_class_path (initial): C:\gradle\gradle-8.5\lib\gradle-launcher-8.5.jar
Launcher Type: SUN_STANDARD

[Global flags]
     intx CICompilerCount                          = 3                                         {product} {ergonomic}
     uint ConcGCThreads                            = 1                                         {product} {ergonomic}
     uint G1ConcRefinementThreads                  = 4                                         {product} {ergonomic}
   size_t G1HeapRegionSize                         = 1048576                                   {product} {ergonomic}
    uintx GCDrainStackTargetSize                   = 64                                        {product} {ergonomic}
   size_t InitialHeapSize                          = 67108864                                  {product} {command line}
   size_t MarkStackSize                            = 4194304                                   {product} {ergonomic}
   size_t MaxHeapSize                              = 67108864                                  {product} {command line}
   size_t MaxNewSize                               = 39845888                                  {product} {ergonomic}
   size_t MinHeapDeltaBytes                        = 1048576                                   {product} {ergonomic}
   size_t MinHeapSize                              = 67108864                                  {product} {command line}
    uintx NonNMethodCodeHeapSize                   = 5832780                                {pd product} {ergonomic}
    uintx NonProfiledCodeHeapSize                  = 122912730                              {pd product} {ergonomic}
    uintx ProfiledCodeHeapSize                     = 122912730                              {pd product} {ergonomic}
    uintx ReservedCodeCacheSize                    = 251658240                              {pd product} {ergonomic}
     bool SegmentedCodeCache                       = true                                      {product} {ergonomic}
   size_t SoftMaxHeapSize                          = 67108864                               {manageable} {ergonomic}
     bool UseCompressedClassPointers               = true                           {product lp64_product} {ergonomic}
     bool UseCompressedOops                        = true                           {product lp64_product} {ergonomic}
     bool UseG1GC                                  = true                                      {product} {ergonomic}
     bool UseLargePagesIndividualAllocation        = false                                  {pd product} {ergonomic}

Logging:
Log output configuration:
 #0: stdout all=warning uptime,level,tags
 #1: stderr all=off uptime,level,tags

Environment Variables:
JAVA_HOME=C:\Program Files\Java\jdk-17
CLASSPATH=C:\gradle\gradle-8.5\lib\gradle-launcher-8.5.jar
PATH=C:\MinGW\bin;C:\Program Files\Common Files\Oracle\Java\javapath;F:\app\zoalfikar\product\12.1.0\dbhome_1\bin;C:\Program Files (x86)\AMD APP\bin\x86_64;C:\Program Files (x86)\AMD APP\bin\x86;C:\Windows\system32;C:\Windows;C:\Windows\System32\Wbem;C:\Windows\System32\WindowsPowerShell\v1.0\;C:\Program Files (x86)\ATI Technologies\ATI.ACE\Core-Static;C:\Program Files\Java\jdk-15.0.2\bin;C:\composer;C:\Users\MATRIX\AppData\Roaming\nvm;C:\Program Files\nodejs;C:\Users\MATRIX\AppData\Local\Programs\Microsoft VS Code\bin;C:\xampp\php;C:\Users\MATRIX\AppData\Roaming\Composer\vendor\bin;C:\Users\MATRIX\AppData\Roaming\nvm;C:\Program Files\nodejs;C:\Users\MATRIX\AppData\Roaming\npm;C:\Program Files\Java\jdk-17\bin;C:\Users\MATRIX\AppData\Local\Programs\Microsoft VS Code\bin;C:\xampp\php;C:\Users\MATRIX\AppData\Roaming\Composer\vendor\bin;C:\Users\MATRIX\AppData\Roaming\nvm;C:\Program Files\nodejs;C:\Users\MATRIX\AppData\Roaming\npm;C:\Android\flutter\bin;C:\Android\sdk\cmdline-tools\latest\bin;C:\Program Files\Git\cmd;C:\Program Files\Common Files\Oracle\Java\javapath;F:\app\zoalfikar\product\12.1.0\dbhome_1\bin;C:\Program Files (x86)\AMD APP\bin\x86_64;C:\Program Files (x86)\AMD APP\bin\x86;C:\Windows\system32;C:\Windows;C:\Windows\System32\Wbem;C:\Windows\System32\WindowsPowerShell\v1.0\;C:\Program Files (x86)\ATI Technologies\ATI.ACE\Core-Static;C:\Program Files\Git\cmd;C:\Program Files\Java\jdk-15.0.2\bin;C:\composer;C:\Users\MATRIX\AppData\Roaming\nvm;C:\Program Files\nodejs;C:\Users\MATRIX\AppData\Local\Programs\Microsoft VS Code\bin;C:\xampp\php;C:\Users\MATRIX\AppData\Roaming\Composer\vendor\bin;C:\Users\MATRIX\AppData\Roaming\nvm;C:\Program Files\nodejs;C:\Users\MATRIX\AppData\Roaming\npm;C:\Program Files\Java\jdk-17\bin;C:\Users\MATRIX\AppData\Local\Programs\Microsoft VS Code\bin;C:\xampp\php;C:\Users\MATRIX\AppData\Roaming\Composer\vendor\bin;C:\Users\MATRIX\AppData\Roaming\nvm;C:\Program Files\nodejs;C:\Users\MATRIX\AppData\Roaming\npm;C:\Android\flutter\bin;C:\
USERNAME=MATRIX
OS=Windows_NT
PROCESSOR_IDENTIFIER=Intel64 Family 6 Model 37 Stepping 5, GenuineIntel



---------------  S Y S T E M  ---------------

OS:
 Windows 7 , 64 bit Build 7601 (6.1.7601.17514)
OS uptime: 0 days 20:55 hours

CPU: total 4 (initial active 4) (2 cores per cpu, 2 threads per core) family 6 model 37 stepping 5 microcode 0x0, cx8, cmov, fxsr, ht, mmx, sse, sse2, sse3, ssse3, sse4.1, sse4.2, popcnt, tsc, tscinvbit, clflush

Memory: 4k page, system-wide physical 3948M (1154M free)
TotalPageFile size 9033M (AvailPageFile size 1821M)
current process WorkingSet (physical memory assigned to process): 34M, peak: 100M
current process commit charge ("private bytes"): 159M, peak: 172M

vm_info: Java HotSpot(TM) 64-Bit Server VM (17.0.6+9-LTS-190) for windows-amd64 JRE (17.0.6+9-LTS-190), built on Dec  6 2022 15:53:54 by "mach5one" with MS VC++ 17.1 (VS2022)

END.
